
2015-08-05 21:53:09

Operating System
  Name                        = Microsoft Windows 7 Professional
  Version                     = 6.1.7601
  Architecture                = 32bit
  # CPUs                      = 4
  Memory                      = 8489762816

Node.js
  Node.js Version             = 0.12.6
  npm Version                 = 2.11.2

Titanium CLI
  CLI Version                 = 4.0.1

Titanium SDK
  SDK Version                 = 4.0.0.GA
  SDK Path                    = C:\ProgramData\Titanium\mobilesdk\win32\4.0.0.GA
  Target Platform             = android

Command
  C:\Program Files (x86)\nodejs\node.exe C:\Program Files (x86)\GNU\SSH\.appcelerator\install\4.1.2\package\node_modules\appc-cli-titanium\node_modules\titanium\bin\titanium build --platform android --log-level trace --sdk 4.0.0.GA --project-dir C:\Users\wellerson.nascimento\Documents\Appcelerator_Studio_Workspace\ListMovie --target device --android-sdk C:\Users\wellerson.nascimento\AppData\Local\Android\sdk1 --device-id 192.168.56.101:5555 --skip-js-minify --no-colors --no-progress-bars --no-prompt --prompt-type socket-bundle --prompt-port 60391 --plugin-paths C:\Program Files (x86)\GNU\SSH\.appcelerator\install\4.1.2\package\node_modules --config-file C:\Users\WELLER~1.NAS\AppData\Local\Temp\build-1438822382759.json --no-banner

[DEBUG]  Detecting modules in C:\ProgramData\Application Data\Titanium\modules
[DEBUG]  Detected android module: com.appcelerator.apm 1.1.1 @ C:\ProgramData\Application Data\Titanium\modules\android\com.appcelerator.apm\1.1.1
[DEBUG]  Detected android module: facebook 4.0.3 @ C:\ProgramData\Application Data\Titanium\modules\android\facebook\4.0.3
[DEBUG]  Detected android module: facebook 4.0.5 @ C:\ProgramData\Application Data\Titanium\modules\android\facebook\4.0.5
[DEBUG]  Detected android module: ti.cloudpush 3.3.8 @ C:\ProgramData\Application Data\Titanium\modules\android\ti.cloudpush\3.3.8
[DEBUG]  Detected android module: ti.map 2.3.0 @ C:\ProgramData\Application Data\Titanium\modules\android\ti.map\2.3.0
[DEBUG]  Detected android module: ti.map 2.3.1 @ C:\ProgramData\Application Data\Titanium\modules\android\ti.map\2.3.1
[DEBUG]  Detected commonjs module: ti.cloud 3.2.8 @ C:\ProgramData\Application Data\Titanium\modules\commonjs\ti.cloud\3.2.8
[DEBUG]  Detected commonjs module: ti.cloud 3.2.9 @ C:\ProgramData\Application Data\Titanium\modules\commonjs\ti.cloud\3.2.9
[DEBUG]  Detected iphone module: com.appcelerator.apm 1.1.1 @ C:\ProgramData\Application Data\Titanium\modules\iphone\com.appcelerator.apm\1.1.1
[DEBUG]  Detecting modules in C:\ProgramData\Titanium\modules
[DEBUG]  Detected android module: com.appcelerator.apm 1.1.1 @ C:\ProgramData\Titanium\modules\android\com.appcelerator.apm\1.1.1
[DEBUG]  Detected android module: facebook 4.0.3 @ C:\ProgramData\Titanium\modules\android\facebook\4.0.3
[DEBUG]  Detected android module: facebook 4.0.5 @ C:\ProgramData\Titanium\modules\android\facebook\4.0.5
[DEBUG]  Detected android module: ti.cloudpush 3.3.8 @ C:\ProgramData\Titanium\modules\android\ti.cloudpush\3.3.8
[DEBUG]  Detected android module: ti.map 2.3.0 @ C:\ProgramData\Titanium\modules\android\ti.map\2.3.0
[DEBUG]  Detected android module: ti.map 2.3.1 @ C:\ProgramData\Titanium\modules\android\ti.map\2.3.1
[DEBUG]  Detected commonjs module: ti.cloud 3.2.8 @ C:\ProgramData\Titanium\modules\commonjs\ti.cloud\3.2.8
[DEBUG]  Detected commonjs module: ti.cloud 3.2.9 @ C:\ProgramData\Titanium\modules\commonjs\ti.cloud\3.2.9
[DEBUG]  Detected iphone module: com.appcelerator.apm 1.1.1 @ C:\ProgramData\Titanium\modules\iphone\com.appcelerator.apm\1.1.1
[DEBUG]  Detecting plugins in C:\Users\wellerson.nascimento\Documents\Appcelerator_Studio_Workspace\ListMovie\plugins
[DEBUG]  Detected plugin: ti.alloy @ C:\Users\wellerson.nascimento\Documents\Appcelerator_Studio_Workspace\ListMovie\plugins\ti.alloy
[DEBUG]  Detecting plugins in C:\ProgramData\Titanium\plugins
[DEBUG]  Detected plugin: com.appcelerator.test @ C:\ProgramData\Titanium\plugins\com.appcelerator.test
[DEBUG]  Detecting plugins in C:\ProgramData\Application Data\Titanium\plugins
[DEBUG]  Detected plugin: com.appcelerator.test @ C:\ProgramData\Application Data\Titanium\plugins\com.appcelerator.test
[DEBUG]  Looking for Titanium plugin id=ti.alloy version=1.0
[INFO]   Found Titanium plugin id=ti.alloy version=1.0 
[DEBUG]  Titanium SDK Android directory: C:\ProgramData\Titanium\mobilesdk\win32\4.0.0.GA\android
[INFO]   Deploy type: test
[INFO]   Building for target: device
[INFO]   Building for device: 192.168.56.101:5555
[INFO]   Targeting Android SDK: 21
[INFO]   Building for the following architectures: armeabi, armeabi-v7a, x86
[INFO]   Signing with keystore: C:\ProgramData\Titanium\mobilesdk\win32\4.0.0.GA\android\dev_keystore (tidev)
[DEBUG]  App ID: com.wdanascimento.listmovie
[DEBUG]  Classname: Listmovie
[INFO]   Debugging disabled
[INFO]   Profiler disabled
[INFO]   Forcing rebuild: JavaScript files need to be re-encrypted
[INFO]   Found Alloy app in C:\Users\wellerson.nascimento\Documents\Appcelerator_Studio_Workspace\ListMovie\app
[INFO]   Executing Alloy compile: cmd /s /c C:\Program Files (x86)\GNU\SSH\.appcelerator\install\4.1.2\package\node_modules\appc-cli-titanium\node_modules\.bin\alloy compile C:\Users\wellerson.nascimento\Documents\Appcelerator_Studio_Workspace\ListMovie\app --config platform=android,version=0,simtype=none,devicefamily=none,deploytype=test,target=device --no-colors
[INFO]   Alloy compiler completed successfully
[TRACE]  offline build file C:\Users\WELLER~1.NAS\AppData\Local\Temp\build-21f7c83064b0a050cbf1fb57717918ecf763b64d.json
[TRACE]  online 1
[TRACE]  sending request {"json":{"username":"wdanascimento@gmail.com","session":"8d05f1d9896d38270eef1350e4378902446a507a IAqbxC3u6i2w3PX3Ox5dMbZcAWU24xidEJimhZjVBuzmLonJrBME+OeiduWLczS/iis9GfoTtblsiRf4jkwNZvQzNUVq41MTcboXduH2NoT0873MlBfD/MkuNmRmHiq4jCVykZynnha/Cw8k0EWC9Z+GWDvISbfyNvKU7ZFyMtF0TVoyH1z4zjzXYj8Z//vSo9DhmJHnEMykxlGZcdNH7xBsuOjdVv40WgoLvg+B8Rg4ted4EtYslsaByjVtCylcLZWDTC0dsf3tWAaYHhXBAMS6LrjXEbkft/NhAtfEAcsPsOcT4Lv271j3lqkCD7uzA/ipagez8iiyV15vBcqiyTZNgovstX/Z/OdNQ61Q6MXedKRtJmLg0VeHAAQ7pq43q4cL46owKp4zvUp7MC0x52cN6y2YIVSbGdbaqeerJdcN9v99U4JAJSXVWQU7TemC4fihlDPg0x4TTgOjlYl6RXaj9Jq+bSnT2eT4ULt1uMp3A1tr6T1itp0E7rVkAWL4GAV1cRI6RwzpvmsLwkYAj8duM2gX0dlGgLxvmT+dS0vu0MxGaxraFZWSJWeBVjW/HdZIhqF/WxUp5qEdMCXD1X3NH0sjOGriPKVmms7uSN7gHMQBYAT1Nn7U002AWhTOEa11htNXsU//t0Zz2tP436MROTBDjOfDtIA1KaqgdqtSr1/FD2nNjNWADYYQDMaZR4gh1jAgRmpdepHYlix7uGJDtJPnZdsSc9/oouGywW780mr7EuzirzPrIwOyyO8PNtaRp/kJUKeKDfaOKURMqO9v5aCtWFLmUvFOztCSYXM=","ipaddress":"192.168.0.11","fingerprint":"ec1ea5bd21fd4b02f25ec74a3150826385b91d2b","fingerprint_description":"Windows Machine ID: 3ad98f2a-134b-4193-98bf-f77da3bc5f1b","guid":"2faa1aa1-2f4b-45d2-9111-5e3a07e21744","appid":"com.wdanascimento.listmovie","name":"ListMovie","org_id":100043924,"deploytype":"test","tiappxml":"<?xml version=\"1.0\" encoding=\"UTF-8\"?>\n<ti:app \n  xmlns:ti=\"http://ti.appcelerator.org\">\n  <id>com.wdanascimento.listmovie</id>\n  <name>ListMovie</name>\n  <version>1.0</version>\n  <publisher>wellerson.nascimento</publisher>\n  <url>http://www.wdanascimento.com</url>\n  <description/>\n  <copyright>2015 by wellerson.nascimento</copyright>\n  <icon>appicon.png</icon>\n  <fullscreen>false</fullscreen>\n  <navbar-hidden>false</navbar-hidden>\n  <analytics>true</analytics>\n  <guid>2faa1aa1-2f4b-45d2-9111-5e3a07e21744</guid>\n  <property name=\"ti.ui.defaultunit\" type=\"string\">dp</property>\n  <ios>\n    <plist>\n      <dict>\n        <key>UISupportedInterfaceOrientations~iphone</key>\n        <array>\n          <string>UIInterfaceOrientationPortrait</string>\n        </array>\n        <key>UISupportedInterfaceOrientations~ipad</key>\n        <array>\n          <string>UIInterfaceOrientationPortrait</string>\n          <string>UIInterfaceOrientationPortraitUpsideDown</string>\n          <string>UIInterfaceOrientationLandscapeLeft</string>\n          <string>UIInterfaceOrientationLandscapeRight</string>\n        </array>\n        <key>UIRequiresPersistentWiFi</key>\n        <false/>\n        <key>UIPrerenderedIcon</key>\n        <false/>\n        <key>UIStatusBarHidden</key>\n        <false/>\n        <key>UIStatusBarStyle</key>\n        <string>UIStatusBarStyleDefault</string>\n      </dict>\n    </plist>\n  </ios>\n  <android \n    xmlns:android=\"http://schemas.android.com/apk/res/android\"/>\n    <mobileweb>\n      <precache/>\n      <splash>\n        <enabled>true</enabled>\n        <inline-css-images>true</inline-css-images>\n      </splash>\n      <theme>default</theme>\n    </mobileweb>\n    <modules/>\n    <deployment-targets>\n      <target device=\"iphone\">false</target>\n      <target device=\"ipad\">false</target>\n      <target device=\"android\">true</target>\n      <target device=\"mobileweb\">true</target>\n    </deployment-targets>\n    <sdk-version>4.0.0.GA</sdk-version>\n    <plugins>\n      <plugin version=\"1.0\">ti.alloy</plugin>\n    </plugins>\n    <property name=\"appc-app-id\" type=\"string\">55b984803575ecf24cbc04d4</property>\n  </ti:app>","modules":[]},"gzip":true,"followAllRedirects":true,"url":"https://security.appcelerator.com/build-verify"}
[TRACE]  result from /build-verify=> {"key":"0/Egl6tCq/S3FS/BXcYAqg==","pepper":"2FZ2jIw5k8oVrwsFC3JCFQ==","hmacKey":"unMsRv+SwPVrfw1jQBFmZQ==","o":100043924,"u":"207c927d-777a-4564-a1ff-46b4fee47052","p":"free","i":"55c2b0047ed7bbfaa7e1dfb9","success":true}, err=null
[INFO]   JavaScript files need to be encrypted
[DEBUG]  Ignoring C:\Users\wellerson.nascimento\Documents\Appcelerator_Studio_Workspace\ListMovie\Resources\android
[DEBUG]  Ignoring C:\Users\wellerson.nascimento\Documents\Appcelerator_Studio_Workspace\ListMovie\Resources\mobileweb
[WARN]   Overwriting file C:\Users\wellerson.nascimento\Documents\Appcelerator_Studio_Workspace\ListMovie\build\android\bin\assets\Resources\appicon.png
[DEBUG]  Copying C:\Users\wellerson.nascimento\Documents\Appcelerator_Studio_Workspace\ListMovie\Resources\android\appicon.png => C:\Users\wellerson.nascimento\Documents\Appcelerator_Studio_Workspace\ListMovie\build\android\bin\assets\Resources\appicon.png
[DEBUG]  Copying C:\Users\wellerson.nascimento\Documents\Appcelerator_Studio_Workspace\ListMovie\Resources\android\default.png => C:\Users\wellerson.nascimento\Documents\Appcelerator_Studio_Workspace\ListMovie\build\android\res\drawable\background.png
[DEBUG]  Copying C:\Users\wellerson.nascimento\Documents\Appcelerator_Studio_Workspace\ListMovie\Resources\android\images\res-long-land-hdpi\default.png => C:\Users\wellerson.nascimento\Documents\Appcelerator_Studio_Workspace\ListMovie\build\android\res\drawable-long-land-hdpi\background.png
[DEBUG]  Copying C:\Users\wellerson.nascimento\Documents\Appcelerator_Studio_Workspace\ListMovie\Resources\android\images\res-long-land-ldpi\default.png => C:\Users\wellerson.nascimento\Documents\Appcelerator_Studio_Workspace\ListMovie\build\android\res\drawable-long-land-ldpi\background.png
[DEBUG]  Copying C:\Users\wellerson.nascimento\Documents\Appcelerator_Studio_Workspace\ListMovie\Resources\android\images\res-long-port-hdpi\default.png => C:\Users\wellerson.nascimento\Documents\Appcelerator_Studio_Workspace\ListMovie\build\android\res\drawable-long-port-hdpi\background.png
[DEBUG]  Copying C:\Users\wellerson.nascimento\Documents\Appcelerator_Studio_Workspace\ListMovie\Resources\android\images\res-long-port-ldpi\default.png => C:\Users\wellerson.nascimento\Documents\Appcelerator_Studio_Workspace\ListMovie\build\android\res\drawable-long-port-ldpi\background.png
[DEBUG]  Copying C:\Users\wellerson.nascimento\Documents\Appcelerator_Studio_Workspace\ListMovie\Resources\android\images\res-notlong-land-hdpi\default.png => C:\Users\wellerson.nascimento\Documents\Appcelerator_Studio_Workspace\ListMovie\build\android\res\drawable-notlong-land-hdpi\background.png
[DEBUG]  Copying C:\Users\wellerson.nascimento\Documents\Appcelerator_Studio_Workspace\ListMovie\Resources\android\images\res-notlong-land-ldpi\default.png => C:\Users\wellerson.nascimento\Documents\Appcelerator_Studio_Workspace\ListMovie\build\android\res\drawable-notlong-land-ldpi\background.png
[DEBUG]  Copying C:\Users\wellerson.nascimento\Documents\Appcelerator_Studio_Workspace\ListMovie\Resources\android\images\res-notlong-land-mdpi\default.png => C:\Users\wellerson.nascimento\Documents\Appcelerator_Studio_Workspace\ListMovie\build\android\res\drawable-notlong-land-mdpi\background.png
[DEBUG]  Copying C:\Users\wellerson.nascimento\Documents\Appcelerator_Studio_Workspace\ListMovie\Resources\android\images\res-notlong-port-hdpi\default.png => C:\Users\wellerson.nascimento\Documents\Appcelerator_Studio_Workspace\ListMovie\build\android\res\drawable-notlong-port-hdpi\background.png
[DEBUG]  Copying C:\Users\wellerson.nascimento\Documents\Appcelerator_Studio_Workspace\ListMovie\Resources\android\images\res-notlong-port-ldpi\default.png => C:\Users\wellerson.nascimento\Documents\Appcelerator_Studio_Workspace\ListMovie\build\android\res\drawable-notlong-port-ldpi\background.png
[DEBUG]  Copying C:\Users\wellerson.nascimento\Documents\Appcelerator_Studio_Workspace\ListMovie\Resources\android\images\res-notlong-port-mdpi\default.png => C:\Users\wellerson.nascimento\Documents\Appcelerator_Studio_Workspace\ListMovie\build\android\res\drawable-notlong-port-mdpi\background.png
[DEBUG]  Copying C:\Users\wellerson.nascimento\Documents\Appcelerator_Studio_Workspace\ListMovie\platform\android\res\drawable-hdpi\appicon.png => C:\Users\wellerson.nascimento\Documents\Appcelerator_Studio_Workspace\ListMovie\build\android\res\drawable-hdpi\appicon.png
[DEBUG]  Copying C:\Users\wellerson.nascimento\Documents\Appcelerator_Studio_Workspace\ListMovie\platform\android\res\drawable-ldpi\appicon.png => C:\Users\wellerson.nascimento\Documents\Appcelerator_Studio_Workspace\ListMovie\build\android\res\drawable-ldpi\appicon.png
[DEBUG]  Copying C:\Users\wellerson.nascimento\Documents\Appcelerator_Studio_Workspace\ListMovie\platform\android\res\drawable-mdpi\appicon.png => C:\Users\wellerson.nascimento\Documents\Appcelerator_Studio_Workspace\ListMovie\build\android\res\drawable-mdpi\appicon.png
[DEBUG]  Copying C:\Users\wellerson.nascimento\Documents\Appcelerator_Studio_Workspace\ListMovie\platform\android\res\drawable-xhdpi\appicon.png => C:\Users\wellerson.nascimento\Documents\Appcelerator_Studio_Workspace\ListMovie\build\android\res\drawable-xhdpi\appicon.png
[DEBUG]  Copying C:\Users\wellerson.nascimento\Documents\Appcelerator_Studio_Workspace\ListMovie\platform\android\res\drawable-xxhdpi\appicon.png => C:\Users\wellerson.nascimento\Documents\Appcelerator_Studio_Workspace\ListMovie\build\android\res\drawable-xxhdpi\appicon.png
[DEBUG]  Copying C:\Users\wellerson.nascimento\Documents\Appcelerator_Studio_Workspace\ListMovie\platform\android\res\drawable-xxxhdpi\appicon.png => C:\Users\wellerson.nascimento\Documents\Appcelerator_Studio_Workspace\ListMovie\build\android\res\drawable-xxxhdpi\appicon.png
[DEBUG]  Copying C:\Users\wellerson.nascimento\Documents\Appcelerator_Studio_Workspace\ListMovie\build\android\bin\assets\Resources\appicon.png => C:\Users\wellerson.nascimento\Documents\Appcelerator_Studio_Workspace\ListMovie\build\android\res\drawable\appicon.png
[INFO]   Processing JavaScript files
[DEBUG]  Copying C:\Users\wellerson.nascimento\Documents\Appcelerator_Studio_Workspace\ListMovie\Resources\android\alloy\CFG.js => C:\Users\wellerson.nascimento\Documents\Appcelerator_Studio_Workspace\ListMovie\build\android\assets\alloy\CFG.js
[DEBUG]  Copying C:\Users\wellerson.nascimento\Documents\Appcelerator_Studio_Workspace\ListMovie\Resources\android\app.js => C:\Users\wellerson.nascimento\Documents\Appcelerator_Studio_Workspace\ListMovie\build\android\assets\app.js
[DEBUG]  Copying C:\Users\wellerson.nascimento\Documents\Appcelerator_Studio_Workspace\ListMovie\Resources\android\alloy\backbone.js => C:\Users\wellerson.nascimento\Documents\Appcelerator_Studio_Workspace\ListMovie\build\android\assets\alloy\backbone.js
[DEBUG]  Copying C:\Users\wellerson.nascimento\Documents\Appcelerator_Studio_Workspace\ListMovie\Resources\android\alloy\constants.js => C:\Users\wellerson.nascimento\Documents\Appcelerator_Studio_Workspace\ListMovie\build\android\assets\alloy\constants.js
[DEBUG]  Copying C:\Users\wellerson.nascimento\Documents\Appcelerator_Studio_Workspace\ListMovie\Resources\android\alloy\controllers\BaseController.js => C:\Users\wellerson.nascimento\Documents\Appcelerator_Studio_Workspace\ListMovie\build\android\assets\alloy\controllers\BaseController.js
[DEBUG]  Copying C:\Users\wellerson.nascimento\Documents\Appcelerator_Studio_Workspace\ListMovie\Resources\android\alloy\controllers\index.js => C:\Users\wellerson.nascimento\Documents\Appcelerator_Studio_Workspace\ListMovie\build\android\assets\alloy\controllers\index.js
[DEBUG]  Copying C:\Users\wellerson.nascimento\Documents\Appcelerator_Studio_Workspace\ListMovie\Resources\android\alloy\controllers\MovieDetail.js => C:\Users\wellerson.nascimento\Documents\Appcelerator_Studio_Workspace\ListMovie\build\android\assets\alloy\controllers\MovieDetail.js
[DEBUG]  Copying C:\Users\wellerson.nascimento\Documents\Appcelerator_Studio_Workspace\ListMovie\Resources\android\alloy\controllers\settings.js => C:\Users\wellerson.nascimento\Documents\Appcelerator_Studio_Workspace\ListMovie\build\android\assets\alloy\controllers\settings.js
[DEBUG]  Copying C:\Users\wellerson.nascimento\Documents\Appcelerator_Studio_Workspace\ListMovie\Resources\android\alloy\styles\index.js => C:\Users\wellerson.nascimento\Documents\Appcelerator_Studio_Workspace\ListMovie\build\android\assets\alloy\styles\index.js
[DEBUG]  Copying C:\Users\wellerson.nascimento\Documents\Appcelerator_Studio_Workspace\ListMovie\Resources\android\alloy\styles\MovieDetail.js => C:\Users\wellerson.nascimento\Documents\Appcelerator_Studio_Workspace\ListMovie\build\android\assets\alloy\styles\MovieDetail.js
[DEBUG]  Copying C:\Users\wellerson.nascimento\Documents\Appcelerator_Studio_Workspace\ListMovie\Resources\android\alloy\styles\settings.js => C:\Users\wellerson.nascimento\Documents\Appcelerator_Studio_Workspace\ListMovie\build\android\assets\alloy\styles\settings.js
[DEBUG]  Copying C:\Users\wellerson.nascimento\Documents\Appcelerator_Studio_Workspace\ListMovie\Resources\android\alloy\sync\localStorage.js => C:\Users\wellerson.nascimento\Documents\Appcelerator_Studio_Workspace\ListMovie\build\android\assets\alloy\sync\localStorage.js
[DEBUG]  Copying C:\Users\wellerson.nascimento\Documents\Appcelerator_Studio_Workspace\ListMovie\Resources\android\alloy\sync\properties.js => C:\Users\wellerson.nascimento\Documents\Appcelerator_Studio_Workspace\ListMovie\build\android\assets\alloy\sync\properties.js
[DEBUG]  Copying C:\Users\wellerson.nascimento\Documents\Appcelerator_Studio_Workspace\ListMovie\Resources\android\alloy\sync\sql.js => C:\Users\wellerson.nascimento\Documents\Appcelerator_Studio_Workspace\ListMovie\build\android\assets\alloy\sync\sql.js
[DEBUG]  Copying C:\Users\wellerson.nascimento\Documents\Appcelerator_Studio_Workspace\ListMovie\Resources\android\alloy\underscore.js => C:\Users\wellerson.nascimento\Documents\Appcelerator_Studio_Workspace\ListMovie\build\android\assets\alloy\underscore.js
[DEBUG]  Copying C:\Users\wellerson.nascimento\Documents\Appcelerator_Studio_Workspace\ListMovie\Resources\android\alloy\widget.js => C:\Users\wellerson.nascimento\Documents\Appcelerator_Studio_Workspace\ListMovie\build\android\assets\alloy\widget.js
[DEBUG]  Copying C:\Users\wellerson.nascimento\Documents\Appcelerator_Studio_Workspace\ListMovie\Resources\android\alloy.js => C:\Users\wellerson.nascimento\Documents\Appcelerator_Studio_Workspace\ListMovie\build\android\assets\alloy.js
[DEBUG]  Copying C:\Users\wellerson.nascimento\Documents\Appcelerator_Studio_Workspace\ListMovie\Resources\android\backend.js => C:\Users\wellerson.nascimento\Documents\Appcelerator_Studio_Workspace\ListMovie\build\android\assets\backend.js
[INFO]   Encrypting JavaScript files: C:\ProgramData\Titanium\mobilesdk\win32\4.0.0.GA\android\titanium_prep.win32.exe "com.wdanascimento.listmovie" "C:\Users\wellerson.nascimento\Documents\Appcelerator_Studio_Workspace\ListMovie\build\android\assets" "alloy/CFG.js" "app.js" "alloy/backbone.js" "alloy/constants.js" "alloy/controllers/BaseController.js" "alloy/controllers/index.js" "alloy/controllers/MovieDetail.js" "alloy/controllers/settings.js" "alloy/styles/index.js" "alloy/styles/MovieDetail.js" "alloy/styles/settings.js" "alloy/sync/localStorage.js" "alloy/sync/properties.js" "alloy/sync/sql.js" "alloy/underscore.js" "alloy/widget.js" "alloy.js" "backend.js" "_app_props_.json"
[DEBUG]  Adding library C:\ProgramData\Titanium\mobilesdk\win32\4.0.0.GA\android\kroll-v8.jar
[DEBUG]  Adding library C:\ProgramData\Titanium\mobilesdk\win32\4.0.0.GA\android\modules\titanium-analytics.jar
[DEBUG]  Adding dependency library C:\ProgramData\Titanium\mobilesdk\win32\4.0.0.GA\android\aps-analytics.jar
[DEBUG]  Adding library C:\ProgramData\Titanium\mobilesdk\win32\4.0.0.GA\android\modules\titanium-android.jar
[DEBUG]  Adding dependency library C:\ProgramData\Titanium\mobilesdk\win32\4.0.0.GA\android\jaxen-1.1.1.jar
[DEBUG]  Adding dependency library C:\ProgramData\Titanium\mobilesdk\win32\4.0.0.GA\android\ti-commons-codec-1.3.jar
[DEBUG]  Adding dependency library C:\ProgramData\Titanium\mobilesdk\win32\4.0.0.GA\android\kroll-common.jar
[DEBUG]  Adding dependency library C:\ProgramData\Titanium\mobilesdk\win32\4.0.0.GA\android\titanium.jar
[DEBUG]  Adding library C:\ProgramData\Titanium\mobilesdk\win32\4.0.0.GA\android\modules\titanium-app.jar
[DEBUG]  Adding library C:\ProgramData\Titanium\mobilesdk\win32\4.0.0.GA\android\modules\titanium-ui.jar
[DEBUG]  Adding dependency library C:\ProgramData\Titanium\mobilesdk\win32\4.0.0.GA\android\nineoldandroids-appc-2.4.0.jar
[DEBUG]  Adding library C:\ProgramData\Titanium\mobilesdk\win32\4.0.0.GA\android\modules\titanium-filesystem.jar
[DEBUG]  Adding library C:\ProgramData\Titanium\mobilesdk\win32\4.0.0.GA\android\modules\titanium-media.jar
[DEBUG]  Adding library C:\ProgramData\Titanium\mobilesdk\win32\4.0.0.GA\android\modules\titanium-appcompat.jar
[DEBUG]  Adding dependency library C:\ProgramData\Titanium\mobilesdk\win32\4.0.0.GA\android\android-support-v4.jar
[DEBUG]  Adding dependency library C:\ProgramData\Titanium\mobilesdk\win32\4.0.0.GA\android\android-support-v7-appcompat.jar
[DEBUG]  Adding library C:\ProgramData\Titanium\mobilesdk\win32\4.0.0.GA\android\modules\titanium-locale.jar
[DEBUG]  Adding library C:\ProgramData\Titanium\mobilesdk\win32\4.0.0.GA\android\modules\titanium-network.jar
[DEBUG]  Adding dependency library C:\ProgramData\Titanium\mobilesdk\win32\4.0.0.GA\android\thirdparty.jar
[DEBUG]  Adding library C:\ProgramData\Titanium\mobilesdk\win32\4.0.0.GA\android\modules\titanium-xml.jar
[DEBUG]  Adding library C:\ProgramData\Titanium\mobilesdk\win32\4.0.0.GA\android\modules\titanium-platform.jar
[DEBUG]  Unknown namespace api, skipping
[DEBUG]  Adding library C:\ProgramData\Titanium\mobilesdk\win32\4.0.0.GA\android\modules\titanium-database.jar
[DEBUG]  Unknown namespace platform.displaycaps, skipping
[INFO]   Writing C:\Users\wellerson.nascimento\Documents\Appcelerator_Studio_Workspace\ListMovie\build\android\bin\assets\app.json
[INFO]   Extracting module resources: C:\ProgramData\Titanium\mobilesdk\win32\4.0.0.GA\android\modules\titanium-analytics.res.zip
[DEBUG]  Copying C:\Users\WELLER~1.NAS\AppData\Local\Temp\11575-3868-h8y5z1\res\values\strings.xml => C:\Users\wellerson.nascimento\Documents\Appcelerator_Studio_Workspace\ListMovie\build\android\res\values\strings.xml
[INFO]   Extracting module resources: C:\ProgramData\Titanium\mobilesdk\win32\4.0.0.GA\android\modules\titanium-android.res.zip
[DEBUG]  Merging C:\Users\WELLER~1.NAS\AppData\Local\Temp\11575-3868-tjl8b3\res\values\strings.xml => C:\Users\wellerson.nascimento\Documents\Appcelerator_Studio_Workspace\ListMovie\build\android\res\values\strings.xml
[INFO]   Extracting module resources: C:\ProgramData\Titanium\mobilesdk\win32\4.0.0.GA\android\modules\titanium-app.res.zip
[DEBUG]  Merging C:\Users\WELLER~1.NAS\AppData\Local\Temp\11575-3868-hmvuqq\res\values\strings.xml => C:\Users\wellerson.nascimento\Documents\Appcelerator_Studio_Workspace\ListMovie\build\android\res\values\strings.xml
[INFO]   Extracting module resources: C:\ProgramData\Titanium\mobilesdk\win32\4.0.0.GA\android\modules\titanium-filesystem.res.zip
[DEBUG]  Merging C:\Users\WELLER~1.NAS\AppData\Local\Temp\11575-3868-1p08ry1\res\values\strings.xml => C:\Users\wellerson.nascimento\Documents\Appcelerator_Studio_Workspace\ListMovie\build\android\res\values\strings.xml
[INFO]   Extracting module resources: C:\ProgramData\Titanium\mobilesdk\win32\4.0.0.GA\android\modules\titanium-media.res.zip
[DEBUG]  Merging C:\Users\WELLER~1.NAS\AppData\Local\Temp\11575-3868-g5j24q\res\values\strings.xml => C:\Users\wellerson.nascimento\Documents\Appcelerator_Studio_Workspace\ListMovie\build\android\res\values\strings.xml
[INFO]   Extracting module resources: C:\ProgramData\Titanium\mobilesdk\win32\4.0.0.GA\android\modules\titanium-locale.res.zip
[DEBUG]  Merging C:\Users\WELLER~1.NAS\AppData\Local\Temp\11575-3868-135v8ef\res\values\strings.xml => C:\Users\wellerson.nascimento\Documents\Appcelerator_Studio_Workspace\ListMovie\build\android\res\values\strings.xml
[INFO]   Extracting module resources: C:\ProgramData\Titanium\mobilesdk\win32\4.0.0.GA\android\modules\titanium-network.res.zip
[DEBUG]  Merging C:\Users\WELLER~1.NAS\AppData\Local\Temp\11575-3868-1l86i15\res\values\strings.xml => C:\Users\wellerson.nascimento\Documents\Appcelerator_Studio_Workspace\ListMovie\build\android\res\values\strings.xml
[INFO]   Extracting module resources: C:\ProgramData\Titanium\mobilesdk\win32\4.0.0.GA\android\modules\titanium-xml.res.zip
[DEBUG]  Merging C:\Users\WELLER~1.NAS\AppData\Local\Temp\11575-3868-3rv547\res\values\strings.xml => C:\Users\wellerson.nascimento\Documents\Appcelerator_Studio_Workspace\ListMovie\build\android\res\values\strings.xml
[INFO]   Extracting module resources: C:\ProgramData\Titanium\mobilesdk\win32\4.0.0.GA\android\modules\titanium-platform.res.zip
[DEBUG]  Merging C:\Users\WELLER~1.NAS\AppData\Local\Temp\11575-3868-6cc9ju\res\values\strings.xml => C:\Users\wellerson.nascimento\Documents\Appcelerator_Studio_Workspace\ListMovie\build\android\res\values\strings.xml
[INFO]   Extracting module resources: C:\ProgramData\Titanium\mobilesdk\win32\4.0.0.GA\android\modules\titanium-database.res.zip
[DEBUG]  Merging C:\Users\WELLER~1.NAS\AppData\Local\Temp\11575-3868-1d5k9hj\res\values\strings.xml => C:\Users\wellerson.nascimento\Documents\Appcelerator_Studio_Workspace\ListMovie\build\android\res\values\strings.xml
[DEBUG]  Removing old file: C:\Users\wellerson.nascimento\Documents\Appcelerator_Studio_Workspace\ListMovie\build\android\.classpath
[DEBUG]  Removing old file: C:\Users\wellerson.nascimento\Documents\Appcelerator_Studio_Workspace\ListMovie\build\android\.gitignore
[DEBUG]  Removing old file: C:\Users\wellerson.nascimento\Documents\Appcelerator_Studio_Workspace\ListMovie\build\android\.project
[DEBUG]  Removing old file: C:\Users\wellerson.nascimento\Documents\Appcelerator_Studio_Workspace\ListMovie\build\android\AndroidManifest.xml
[DEBUG]  Removing old file: C:\Users\wellerson.nascimento\Documents\Appcelerator_Studio_Workspace\ListMovie\build\android\default.properties
[DEBUG]  Removing old file: C:\Users\wellerson.nascimento\Documents\Appcelerator_Studio_Workspace\ListMovie\build\android\java-sources.txt
[DEBUG]  Copying template C:\ProgramData\Titanium\mobilesdk\win32\4.0.0.GA\android\templates\build\AppInfo.java => C:\Users\wellerson.nascimento\Documents\Appcelerator_Studio_Workspace\ListMovie\build\android\gen\com\wdanascimento\listmovie\ListmovieAppInfo.java
[DEBUG]  Copying template C:\ProgramData\Titanium\mobilesdk\win32\4.0.0.GA\android\templates\build\App.java => C:\Users\wellerson.nascimento\Documents\Appcelerator_Studio_Workspace\ListMovie\build\android\gen\com\wdanascimento\listmovie\ListmovieApplication.java
[DEBUG]  Copying template C:\ProgramData\Titanium\mobilesdk\win32\4.0.0.GA\android\templates\build\Activity.java => C:\Users\wellerson.nascimento\Documents\Appcelerator_Studio_Workspace\ListMovie\build\android\gen\com\wdanascimento\listmovie\ListmovieActivity.java
[DEBUG]  Copying template C:\ProgramData\Titanium\mobilesdk\win32\4.0.0.GA\android\templates\build\project => C:\Users\wellerson.nascimento\Documents\Appcelerator_Studio_Workspace\ListMovie\build\android\.project
[DEBUG]  Copying template C:\ProgramData\Titanium\mobilesdk\win32\4.0.0.GA\android\templates\build\default.properties => C:\Users\wellerson.nascimento\Documents\Appcelerator_Studio_Workspace\ListMovie\build\android\default.properties
[DEBUG]  Copying C:\ProgramData\Titanium\mobilesdk\win32\4.0.0.GA\android\templates\build\gitignore => C:\Users\wellerson.nascimento\Documents\Appcelerator_Studio_Workspace\ListMovie\build\android\.gitignore
[DEBUG]  Copying C:\ProgramData\Titanium\mobilesdk\win32\4.0.0.GA\android\templates\build\classpath => C:\Users\wellerson.nascimento\Documents\Appcelerator_Studio_Workspace\ListMovie\build\android\.classpath
[INFO]   No aidl files to compile, continuing
[INFO]   Generating i18n files
[DEBUG]  Merging en strings => C:\Users\wellerson.nascimento\Documents\Appcelerator_Studio_Workspace\ListMovie\build\android\res\values\strings.xml
[INFO]   Generating C:\Users\wellerson.nascimento\Documents\Appcelerator_Studio_Workspace\ListMovie\build\android\res\values\theme.xml
[INFO]   Packaging application: C:\Users\wellerson.nascimento\AppData\Local\Android\sdk1\build-tools\21.1.2\aapt.exe "package" "-f" "-m" "-J" "C:\Users\wellerson.nascimento\Documents\Appcelerator_Studio_Workspace\ListMovie\build\android\gen" "-M" "C:\Users\wellerson.nascimento\Documents\Appcelerator_Studio_Workspace\ListMovie\build\android\AndroidManifest.xml" "-A" "C:\Users\wellerson.nascimento\Documents\Appcelerator_Studio_Workspace\ListMovie\build\android\bin\assets" "-S" "C:\Users\wellerson.nascimento\Documents\Appcelerator_Studio_Workspace\ListMovie\build\android\res" "-I" "C:\Users\wellerson.nascimento\AppData\Local\Android\sdk1\platforms\android-21\android.jar" "-F" "C:\Users\wellerson.nascimento\Documents\Appcelerator_Studio_Workspace\ListMovie\build\android\bin\app.ap_" "--auto-add-overlay" "--extra-packages" "ti.modules.titanium.ui:android.support.v7.appcompat" "-S" "C:\Users\WELLER~1.NAS\AppData\Local\Temp\11575-3868-1wkpkx1/res" "-S" "C:\Users\WELLER~1.NAS\AppData\Local\Temp\11575-3868-qutu31/res"
[INFO]   Building Java source files: C:\Program Files (x86)\Java\jdk1.7.0_67\bin\javac.exe "-J-Xmx256M" "-encoding" "utf8" "-bootclasspath" "C:\Users\wellerson.nascimento\AppData\Local\Android\sdk1\platforms\android-21\android.jar;C:\ProgramData\Titanium\mobilesdk\win32\4.0.0.GA\android\kroll-v8.jar;C:\ProgramData\Titanium\mobilesdk\win32\4.0.0.GA\android\modules\titanium-analytics.jar;C:\ProgramData\Titanium\mobilesdk\win32\4.0.0.GA\android\aps-analytics.jar;C:\ProgramData\Titanium\mobilesdk\win32\4.0.0.GA\android\modules\titanium-android.jar;C:\ProgramData\Titanium\mobilesdk\win32\4.0.0.GA\android\jaxen-1.1.1.jar;C:\ProgramData\Titanium\mobilesdk\win32\4.0.0.GA\android\ti-commons-codec-1.3.jar;C:\ProgramData\Titanium\mobilesdk\win32\4.0.0.GA\android\kroll-common.jar;C:\ProgramData\Titanium\mobilesdk\win32\4.0.0.GA\android\titanium.jar;C:\ProgramData\Titanium\mobilesdk\win32\4.0.0.GA\android\modules\titanium-app.jar;C:\ProgramData\Titanium\mobilesdk\win32\4.0.0.GA\android\modules\titanium-ui.jar;C:\ProgramData\Titanium\mobilesdk\win32\4.0.0.GA\android\nineoldandroids-appc-2.4.0.jar;C:\ProgramData\Titanium\mobilesdk\win32\4.0.0.GA\android\modules\titanium-filesystem.jar;C:\ProgramData\Titanium\mobilesdk\win32\4.0.0.GA\android\modules\titanium-media.jar;C:\ProgramData\Titanium\mobilesdk\win32\4.0.0.GA\android\modules\titanium-appcompat.jar;C:\ProgramData\Titanium\mobilesdk\win32\4.0.0.GA\android\android-support-v4.jar;C:\ProgramData\Titanium\mobilesdk\win32\4.0.0.GA\android\android-support-v7-appcompat.jar;C:\ProgramData\Titanium\mobilesdk\win32\4.0.0.GA\android\modules\titanium-locale.jar;C:\ProgramData\Titanium\mobilesdk\win32\4.0.0.GA\android\modules\titanium-network.jar;C:\ProgramData\Titanium\mobilesdk\win32\4.0.0.GA\android\thirdparty.jar;C:\ProgramData\Titanium\mobilesdk\win32\4.0.0.GA\android\modules\titanium-xml.jar;C:\ProgramData\Titanium\mobilesdk\win32\4.0.0.GA\android\modules\titanium-platform.jar;C:\ProgramData\Titanium\mobilesdk\win32\4.0.0.GA\android\modules\titanium-database.jar;C:\ProgramData\Titanium\mobilesdk\win32\4.0.0.GA\android\lib\titanium-verify.jar;R.class;ApplicationStylesheet.class;AssetCryptImpl.class;ListmovieActivity.class;ListmovieAppInfo.class;ListmovieApplication.class" "-d" "C:\Users\wellerson.nascimento\Documents\Appcelerator_Studio_Workspace\ListMovie\build\android\bin\classes" "-proc:none" "-target" "1.6" "-source" "1.6" "@C:\Users\wellerson.nascimento\Documents\Appcelerator_Studio_Workspace\ListMovie\build\android\java-sources.txt"
[INFO]   Running dexer: C:\Program Files (x86)\Java\jdk1.7.0_67\bin\java.exe "-Xmx1024M" "-XX:-UseGCOverheadLimit" "-Djava.ext.dirs=C:\Users\wellerson.nascimento\AppData\Local\Android\sdk1\platform-tools" "-jar" "C:\Users\wellerson.nascimento\AppData\Local\Android\sdk1\build-tools\21.1.2\lib\dx.jar" "--dex" "--output=C:\Users\wellerson.nascimento\Documents\Appcelerator_Studio_Workspace\ListMovie\build\android\bin\classes.dex" "C:\Users\wellerson.nascimento\Documents\Appcelerator_Studio_Workspace\ListMovie\build\android\bin\classes" "C:\ProgramData\Titanium\mobilesdk\win32\4.0.0.GA\android\lib\titanium-verify.jar" "C:\ProgramData\Titanium\mobilesdk\win32\4.0.0.GA\android\kroll-v8.jar" "C:\ProgramData\Titanium\mobilesdk\win32\4.0.0.GA\android\modules\titanium-analytics.jar" "C:\ProgramData\Titanium\mobilesdk\win32\4.0.0.GA\android\aps-analytics.jar" "C:\ProgramData\Titanium\mobilesdk\win32\4.0.0.GA\android\modules\titanium-android.jar" "C:\ProgramData\Titanium\mobilesdk\win32\4.0.0.GA\android\jaxen-1.1.1.jar" "C:\ProgramData\Titanium\mobilesdk\win32\4.0.0.GA\android\ti-commons-codec-1.3.jar" "C:\ProgramData\Titanium\mobilesdk\win32\4.0.0.GA\android\kroll-common.jar" "C:\ProgramData\Titanium\mobilesdk\win32\4.0.0.GA\android\titanium.jar" "C:\ProgramData\Titanium\mobilesdk\win32\4.0.0.GA\android\modules\titanium-app.jar" "C:\ProgramData\Titanium\mobilesdk\win32\4.0.0.GA\android\modules\titanium-ui.jar" "C:\ProgramData\Titanium\mobilesdk\win32\4.0.0.GA\android\nineoldandroids-appc-2.4.0.jar" "C:\ProgramData\Titanium\mobilesdk\win32\4.0.0.GA\android\modules\titanium-filesystem.jar" "C:\ProgramData\Titanium\mobilesdk\win32\4.0.0.GA\android\modules\titanium-media.jar" "C:\ProgramData\Titanium\mobilesdk\win32\4.0.0.GA\android\modules\titanium-appcompat.jar" "C:\ProgramData\Titanium\mobilesdk\win32\4.0.0.GA\android\android-support-v4.jar" "C:\ProgramData\Titanium\mobilesdk\win32\4.0.0.GA\android\android-support-v7-appcompat.jar" "C:\ProgramData\Titanium\mobilesdk\win32\4.0.0.GA\android\modules\titanium-locale.jar" "C:\ProgramData\Titanium\mobilesdk\win32\4.0.0.GA\android\modules\titanium-network.jar" "C:\ProgramData\Titanium\mobilesdk\win32\4.0.0.GA\android\thirdparty.jar" "C:\ProgramData\Titanium\mobilesdk\win32\4.0.0.GA\android\modules\titanium-xml.jar" "C:\ProgramData\Titanium\mobilesdk\win32\4.0.0.GA\android\modules\titanium-platform.jar" "C:\ProgramData\Titanium\mobilesdk\win32\4.0.0.GA\android\modules\titanium-database.jar"
[INFO]   Creating unsigned apk
[DEBUG]  Processing C:\Users\wellerson.nascimento\Documents\Appcelerator_Studio_Workspace\ListMovie\build\android\bin\app.ap_
[DEBUG]  Deflating AndroidManifest.xml
[DEBUG]  Adding assets/Resources/appicon.png
[DEBUG]  Deflating assets/app.json
[DEBUG]  Deflating assets/index.json
[DEBUG]  Deflating res/anim/abc_fade_in.xml
[DEBUG]  Deflating res/anim/abc_fade_out.xml
[DEBUG]  Deflating res/anim/abc_slide_in_bottom.xml
[DEBUG]  Deflating res/anim/abc_slide_in_top.xml
[DEBUG]  Deflating res/anim/abc_slide_out_bottom.xml
[DEBUG]  Deflating res/anim/abc_slide_out_top.xml
[DEBUG]  Deflating res/color/abc_background_cache_hint_selector_material_dark.xml
[DEBUG]  Deflating res/color/abc_background_cache_hint_selector_material_light.xml
[DEBUG]  Deflating res/color/abc_primary_text_disable_only_material_dark.xml
[DEBUG]  Deflating res/color/abc_primary_text_disable_only_material_light.xml
[DEBUG]  Deflating res/color/abc_primary_text_material_dark.xml
[DEBUG]  Deflating res/color/abc_primary_text_material_light.xml
[DEBUG]  Deflating res/color/abc_search_url_text.xml
[DEBUG]  Deflating res/color/abc_secondary_text_material_dark.xml
[DEBUG]  Deflating res/color/abc_secondary_text_material_light.xml
[DEBUG]  Adding res/drawable-hdpi-v4/abc_ab_share_pack_holo_dark.9.png
[DEBUG]  Adding res/drawable-hdpi-v4/abc_ab_share_pack_holo_light.9.png
[DEBUG]  Adding res/drawable-hdpi-v4/abc_btn_check_to_on_mtrl_000.png
[DEBUG]  Adding res/drawable-hdpi-v4/abc_btn_check_to_on_mtrl_015.png
[DEBUG]  Adding res/drawable-hdpi-v4/abc_btn_radio_to_on_mtrl_000.png
[DEBUG]  Adding res/drawable-hdpi-v4/abc_btn_radio_to_on_mtrl_015.png
[DEBUG]  Adding res/drawable-hdpi-v4/abc_btn_switch_to_on_mtrl_00001.9.png
[DEBUG]  Adding res/drawable-hdpi-v4/abc_btn_switch_to_on_mtrl_00012.9.png
[DEBUG]  Adding res/drawable-hdpi-v4/abc_cab_background_top_mtrl_alpha.9.png
[DEBUG]  Adding res/drawable-hdpi-v4/abc_ic_ab_back_mtrl_am_alpha.png
[DEBUG]  Adding res/drawable-hdpi-v4/abc_ic_clear_mtrl_alpha.png
[DEBUG]  Adding res/drawable-hdpi-v4/abc_ic_commit_search_api_mtrl_alpha.png
[DEBUG]  Adding res/drawable-hdpi-v4/abc_ic_go_search_api_mtrl_alpha.png
[DEBUG]  Adding res/drawable-hdpi-v4/abc_ic_menu_copy_mtrl_am_alpha.png
[DEBUG]  Adding res/drawable-hdpi-v4/abc_ic_menu_cut_mtrl_alpha.png
[DEBUG]  Adding res/drawable-hdpi-v4/abc_ic_menu_moreoverflow_mtrl_alpha.png
[DEBUG]  Adding res/drawable-hdpi-v4/abc_ic_menu_paste_mtrl_am_alpha.png
[DEBUG]  Adding res/drawable-hdpi-v4/abc_ic_menu_selectall_mtrl_alpha.png
[DEBUG]  Adding res/drawable-hdpi-v4/abc_ic_menu_share_mtrl_alpha.png
[DEBUG]  Adding res/drawable-hdpi-v4/abc_ic_search_api_mtrl_alpha.png
[DEBUG]  Adding res/drawable-hdpi-v4/abc_ic_voice_search_api_mtrl_alpha.png
[DEBUG]  Adding res/drawable-hdpi-v4/abc_list_divider_mtrl_alpha.9.png
[DEBUG]  Adding res/drawable-hdpi-v4/abc_list_focused_holo.9.png
[DEBUG]  Adding res/drawable-hdpi-v4/abc_list_longpressed_holo.9.png
[DEBUG]  Adding res/drawable-hdpi-v4/abc_list_pressed_holo_dark.9.png
[DEBUG]  Adding res/drawable-hdpi-v4/abc_list_pressed_holo_light.9.png
[DEBUG]  Adding res/drawable-hdpi-v4/abc_list_selector_disabled_holo_dark.9.png
[DEBUG]  Adding res/drawable-hdpi-v4/abc_list_selector_disabled_holo_light.9.png
[DEBUG]  Adding res/drawable-hdpi-v4/abc_menu_hardkey_panel_mtrl_mult.9.png
[DEBUG]  Adding res/drawable-hdpi-v4/abc_popup_background_mtrl_mult.9.png
[DEBUG]  Adding res/drawable-hdpi-v4/abc_spinner_mtrl_am_alpha.9.png
[DEBUG]  Adding res/drawable-hdpi-v4/abc_switch_track_mtrl_alpha.9.png
[DEBUG]  Adding res/drawable-hdpi-v4/abc_tab_indicator_mtrl_alpha.9.png
[DEBUG]  Adding res/drawable-hdpi-v4/abc_textfield_activated_mtrl_alpha.9.png
[DEBUG]  Adding res/drawable-hdpi-v4/abc_textfield_default_mtrl_alpha.9.png
[DEBUG]  Adding res/drawable-hdpi-v4/abc_textfield_search_activated_mtrl_alpha.9.png
[DEBUG]  Adding res/drawable-hdpi-v4/abc_textfield_search_default_mtrl_alpha.9.png
[DEBUG]  Adding res/drawable-hdpi-v4/appicon.png
[DEBUG]  Adding res/drawable-ldpi-v4/appicon.png
[DEBUG]  Adding res/drawable-ldrtl-hdpi-v4/abc_ic_ab_back_mtrl_am_alpha.png
[DEBUG]  Adding res/drawable-ldrtl-hdpi-v4/abc_ic_menu_copy_mtrl_am_alpha.png
[DEBUG]  Adding res/drawable-ldrtl-hdpi-v4/abc_ic_menu_cut_mtrl_alpha.png
[DEBUG]  Adding res/drawable-ldrtl-hdpi-v4/abc_spinner_mtrl_am_alpha.9.png
[DEBUG]  Adding res/drawable-ldrtl-mdpi-v4/abc_ic_ab_back_mtrl_am_alpha.png
[DEBUG]  Adding res/drawable-ldrtl-mdpi-v4/abc_ic_menu_copy_mtrl_am_alpha.png
[DEBUG]  Adding res/drawable-ldrtl-mdpi-v4/abc_ic_menu_cut_mtrl_alpha.png
[DEBUG]  Adding res/drawable-ldrtl-mdpi-v4/abc_spinner_mtrl_am_alpha.9.png
[DEBUG]  Adding res/drawable-ldrtl-xhdpi-v4/abc_ic_ab_back_mtrl_am_alpha.png
[DEBUG]  Adding res/drawable-ldrtl-xhdpi-v4/abc_ic_menu_copy_mtrl_am_alpha.png
[DEBUG]  Adding res/drawable-ldrtl-xhdpi-v4/abc_ic_menu_cut_mtrl_alpha.png
[DEBUG]  Adding res/drawable-ldrtl-xhdpi-v4/abc_spinner_mtrl_am_alpha.9.png
[DEBUG]  Adding res/drawable-ldrtl-xxhdpi-v4/abc_ic_ab_back_mtrl_am_alpha.png
[DEBUG]  Adding res/drawable-ldrtl-xxhdpi-v4/abc_ic_menu_copy_mtrl_am_alpha.png
[DEBUG]  Adding res/drawable-ldrtl-xxhdpi-v4/abc_ic_menu_cut_mtrl_alpha.png
[DEBUG]  Adding res/drawable-ldrtl-xxhdpi-v4/abc_spinner_mtrl_am_alpha.9.png
[DEBUG]  Adding res/drawable-ldrtl-xxxhdpi-v4/abc_ic_ab_back_mtrl_am_alpha.png
[DEBUG]  Adding res/drawable-ldrtl-xxxhdpi-v4/abc_ic_menu_copy_mtrl_am_alpha.png
[DEBUG]  Adding res/drawable-ldrtl-xxxhdpi-v4/abc_ic_menu_cut_mtrl_alpha.png
[DEBUG]  Adding res/drawable-ldrtl-xxxhdpi-v4/abc_spinner_mtrl_am_alpha.9.png
[DEBUG]  Adding res/drawable-long-land-hdpi-v4/background.png
[DEBUG]  Adding res/drawable-long-land-ldpi-v4/background.png
[DEBUG]  Adding res/drawable-long-port-hdpi-v4/background.png
[DEBUG]  Adding res/drawable-long-port-ldpi-v4/background.png
[DEBUG]  Adding res/drawable-mdpi-v4/abc_ab_share_pack_holo_dark.9.png
[DEBUG]  Adding res/drawable-mdpi-v4/abc_ab_share_pack_holo_light.9.png
[DEBUG]  Adding res/drawable-mdpi-v4/abc_btn_check_to_on_mtrl_000.png
[DEBUG]  Adding res/drawable-mdpi-v4/abc_btn_check_to_on_mtrl_015.png
[DEBUG]  Adding res/drawable-mdpi-v4/abc_btn_radio_to_on_mtrl_000.png
[DEBUG]  Adding res/drawable-mdpi-v4/abc_btn_radio_to_on_mtrl_015.png
[DEBUG]  Adding res/drawable-mdpi-v4/abc_btn_switch_to_on_mtrl_00001.9.png
[DEBUG]  Adding res/drawable-mdpi-v4/abc_btn_switch_to_on_mtrl_00012.9.png
[DEBUG]  Adding res/drawable-mdpi-v4/abc_cab_background_top_mtrl_alpha.9.png
[DEBUG]  Adding res/drawable-mdpi-v4/abc_ic_ab_back_mtrl_am_alpha.png
[DEBUG]  Adding res/drawable-mdpi-v4/abc_ic_clear_mtrl_alpha.png
[DEBUG]  Adding res/drawable-mdpi-v4/abc_ic_commit_search_api_mtrl_alpha.png
[DEBUG]  Adding res/drawable-mdpi-v4/abc_ic_go_search_api_mtrl_alpha.png
[DEBUG]  Adding res/drawable-mdpi-v4/abc_ic_menu_copy_mtrl_am_alpha.png
[DEBUG]  Adding res/drawable-mdpi-v4/abc_ic_menu_cut_mtrl_alpha.png
[DEBUG]  Adding res/drawable-mdpi-v4/abc_ic_menu_moreoverflow_mtrl_alpha.png
[DEBUG]  Adding res/drawable-mdpi-v4/abc_ic_menu_paste_mtrl_am_alpha.png
[DEBUG]  Adding res/drawable-mdpi-v4/abc_ic_menu_selectall_mtrl_alpha.png
[DEBUG]  Adding res/drawable-mdpi-v4/abc_ic_menu_share_mtrl_alpha.png
[DEBUG]  Adding res/drawable-mdpi-v4/abc_ic_search_api_mtrl_alpha.png
[DEBUG]  Adding res/drawable-mdpi-v4/abc_ic_voice_search_api_mtrl_alpha.png
[DEBUG]  Adding res/drawable-mdpi-v4/abc_list_divider_mtrl_alpha.9.png
[DEBUG]  Adding res/drawable-mdpi-v4/abc_list_focused_holo.9.png
[DEBUG]  Adding res/drawable-mdpi-v4/abc_list_longpressed_holo.9.png
[DEBUG]  Adding res/drawable-mdpi-v4/abc_list_pressed_holo_dark.9.png
[DEBUG]  Adding res/drawable-mdpi-v4/abc_list_pressed_holo_light.9.png
[DEBUG]  Adding res/drawable-mdpi-v4/abc_list_selector_disabled_holo_dark.9.png
[DEBUG]  Adding res/drawable-mdpi-v4/abc_list_selector_disabled_holo_light.9.png
[DEBUG]  Adding res/drawable-mdpi-v4/abc_menu_hardkey_panel_mtrl_mult.9.png
[DEBUG]  Adding res/drawable-mdpi-v4/abc_popup_background_mtrl_mult.9.png
[DEBUG]  Adding res/drawable-mdpi-v4/abc_spinner_mtrl_am_alpha.9.png
[DEBUG]  Adding res/drawable-mdpi-v4/abc_switch_track_mtrl_alpha.9.png
[DEBUG]  Adding res/drawable-mdpi-v4/abc_tab_indicator_mtrl_alpha.9.png
[DEBUG]  Adding res/drawable-mdpi-v4/abc_textfield_activated_mtrl_alpha.9.png
[DEBUG]  Adding res/drawable-mdpi-v4/abc_textfield_default_mtrl_alpha.9.png
[DEBUG]  Adding res/drawable-mdpi-v4/abc_textfield_search_activated_mtrl_alpha.9.png
[DEBUG]  Adding res/drawable-mdpi-v4/abc_textfield_search_default_mtrl_alpha.9.png
[DEBUG]  Adding res/drawable-mdpi-v4/appicon.png
[DEBUG]  Adding res/drawable-notlong-land-hdpi-v4/background.png
[DEBUG]  Adding res/drawable-notlong-land-ldpi-v4/background.png
[DEBUG]  Adding res/drawable-notlong-land-mdpi-v4/background.png
[DEBUG]  Adding res/drawable-notlong-port-hdpi-v4/background.png
[DEBUG]  Adding res/drawable-notlong-port-ldpi-v4/background.png
[DEBUG]  Adding res/drawable-notlong-port-mdpi-v4/background.png
[DEBUG]  Deflating res/drawable-v21/abc_cab_background_top_material.xml
[DEBUG]  Adding res/drawable-xhdpi-v4/abc_ab_share_pack_holo_dark.9.png
[DEBUG]  Adding res/drawable-xhdpi-v4/abc_ab_share_pack_holo_light.9.png
[DEBUG]  Adding res/drawable-xhdpi-v4/abc_btn_check_to_on_mtrl_000.png
[DEBUG]  Adding res/drawable-xhdpi-v4/abc_btn_check_to_on_mtrl_015.png
[DEBUG]  Adding res/drawable-xhdpi-v4/abc_btn_radio_to_on_mtrl_000.png
[DEBUG]  Adding res/drawable-xhdpi-v4/abc_btn_radio_to_on_mtrl_015.png
[DEBUG]  Adding res/drawable-xhdpi-v4/abc_btn_switch_to_on_mtrl_00001.9.png
[DEBUG]  Adding res/drawable-xhdpi-v4/abc_btn_switch_to_on_mtrl_00012.9.png
[DEBUG]  Adding res/drawable-xhdpi-v4/abc_cab_background_top_mtrl_alpha.9.png
[DEBUG]  Adding res/drawable-xhdpi-v4/abc_ic_ab_back_mtrl_am_alpha.png
[DEBUG]  Adding res/drawable-xhdpi-v4/abc_ic_clear_mtrl_alpha.png
[DEBUG]  Adding res/drawable-xhdpi-v4/abc_ic_commit_search_api_mtrl_alpha.png
[DEBUG]  Adding res/drawable-xhdpi-v4/abc_ic_go_search_api_mtrl_alpha.png
[DEBUG]  Adding res/drawable-xhdpi-v4/abc_ic_menu_copy_mtrl_am_alpha.png
[DEBUG]  Adding res/drawable-xhdpi-v4/abc_ic_menu_cut_mtrl_alpha.png
[DEBUG]  Adding res/drawable-xhdpi-v4/abc_ic_menu_moreoverflow_mtrl_alpha.png
[DEBUG]  Adding res/drawable-xhdpi-v4/abc_ic_menu_paste_mtrl_am_alpha.png
[DEBUG]  Adding res/drawable-xhdpi-v4/abc_ic_menu_selectall_mtrl_alpha.png
[DEBUG]  Adding res/drawable-xhdpi-v4/abc_ic_menu_share_mtrl_alpha.png
[DEBUG]  Adding res/drawable-xhdpi-v4/abc_ic_search_api_mtrl_alpha.png
[DEBUG]  Adding res/drawable-xhdpi-v4/abc_ic_voice_search_api_mtrl_alpha.png
[DEBUG]  Adding res/drawable-xhdpi-v4/abc_list_divider_mtrl_alpha.9.png
[DEBUG]  Adding res/drawable-xhdpi-v4/abc_list_focused_holo.9.png
[DEBUG]  Adding res/drawable-xhdpi-v4/abc_list_longpressed_holo.9.png
[DEBUG]  Adding res/drawable-xhdpi-v4/abc_list_pressed_holo_dark.9.png
[DEBUG]  Adding res/drawable-xhdpi-v4/abc_list_pressed_holo_light.9.png
[DEBUG]  Adding res/drawable-xhdpi-v4/abc_list_selector_disabled_holo_dark.9.png
[DEBUG]  Adding res/drawable-xhdpi-v4/abc_list_selector_disabled_holo_light.9.png
[DEBUG]  Adding res/drawable-xhdpi-v4/abc_menu_hardkey_panel_mtrl_mult.9.png
[DEBUG]  Adding res/drawable-xhdpi-v4/abc_popup_background_mtrl_mult.9.png
[DEBUG]  Adding res/drawable-xhdpi-v4/abc_spinner_mtrl_am_alpha.9.png
[DEBUG]  Adding res/drawable-xhdpi-v4/abc_switch_track_mtrl_alpha.9.png
[DEBUG]  Adding res/drawable-xhdpi-v4/abc_tab_indicator_mtrl_alpha.9.png
[DEBUG]  Adding res/drawable-xhdpi-v4/abc_textfield_activated_mtrl_alpha.9.png
[DEBUG]  Adding res/drawable-xhdpi-v4/abc_textfield_default_mtrl_alpha.9.png
[DEBUG]  Adding res/drawable-xhdpi-v4/abc_textfield_search_activated_mtrl_alpha.9.png
[DEBUG]  Adding res/drawable-xhdpi-v4/abc_textfield_search_default_mtrl_alpha.9.png
[DEBUG]  Adding res/drawable-xhdpi-v4/appicon.png
[DEBUG]  Adding res/drawable-xxhdpi-v4/abc_ab_share_pack_holo_dark.9.png
[DEBUG]  Adding res/drawable-xxhdpi-v4/abc_ab_share_pack_holo_light.9.png
[DEBUG]  Adding res/drawable-xxhdpi-v4/abc_btn_check_to_on_mtrl_000.png
[DEBUG]  Adding res/drawable-xxhdpi-v4/abc_btn_check_to_on_mtrl_015.png
[DEBUG]  Adding res/drawable-xxhdpi-v4/abc_btn_radio_to_on_mtrl_000.png
[DEBUG]  Adding res/drawable-xxhdpi-v4/abc_btn_radio_to_on_mtrl_015.png
[DEBUG]  Adding res/drawable-xxhdpi-v4/abc_btn_switch_to_on_mtrl_00001.9.png
[DEBUG]  Adding res/drawable-xxhdpi-v4/abc_btn_switch_to_on_mtrl_00012.9.png
[DEBUG]  Adding res/drawable-xxhdpi-v4/abc_cab_background_top_mtrl_alpha.9.png
[DEBUG]  Adding res/drawable-xxhdpi-v4/abc_ic_ab_back_mtrl_am_alpha.png
[DEBUG]  Adding res/drawable-xxhdpi-v4/abc_ic_clear_mtrl_alpha.png
[DEBUG]  Adding res/drawable-xxhdpi-v4/abc_ic_commit_search_api_mtrl_alpha.png
[DEBUG]  Adding res/drawable-xxhdpi-v4/abc_ic_go_search_api_mtrl_alpha.png
[DEBUG]  Adding res/drawable-xxhdpi-v4/abc_ic_menu_copy_mtrl_am_alpha.png
[DEBUG]  Adding res/drawable-xxhdpi-v4/abc_ic_menu_cut_mtrl_alpha.png
[DEBUG]  Adding res/drawable-xxhdpi-v4/abc_ic_menu_moreoverflow_mtrl_alpha.png
[DEBUG]  Adding res/drawable-xxhdpi-v4/abc_ic_menu_paste_mtrl_am_alpha.png
[DEBUG]  Adding res/drawable-xxhdpi-v4/abc_ic_menu_selectall_mtrl_alpha.png
[DEBUG]  Adding res/drawable-xxhdpi-v4/abc_ic_menu_share_mtrl_alpha.png
[DEBUG]  Adding res/drawable-xxhdpi-v4/abc_ic_search_api_mtrl_alpha.png
[DEBUG]  Adding res/drawable-xxhdpi-v4/abc_ic_voice_search_api_mtrl_alpha.png
[DEBUG]  Adding res/drawable-xxhdpi-v4/abc_list_divider_mtrl_alpha.9.png
[DEBUG]  Adding res/drawable-xxhdpi-v4/abc_list_focused_holo.9.png
[DEBUG]  Adding res/drawable-xxhdpi-v4/abc_list_longpressed_holo.9.png
[DEBUG]  Adding res/drawable-xxhdpi-v4/abc_list_pressed_holo_dark.9.png
[DEBUG]  Adding res/drawable-xxhdpi-v4/abc_list_pressed_holo_light.9.png
[DEBUG]  Adding res/drawable-xxhdpi-v4/abc_list_selector_disabled_holo_dark.9.png
[DEBUG]  Adding res/drawable-xxhdpi-v4/abc_list_selector_disabled_holo_light.9.png
[DEBUG]  Adding res/drawable-xxhdpi-v4/abc_menu_hardkey_panel_mtrl_mult.9.png
[DEBUG]  Adding res/drawable-xxhdpi-v4/abc_popup_background_mtrl_mult.9.png
[DEBUG]  Adding res/drawable-xxhdpi-v4/abc_spinner_mtrl_am_alpha.9.png
[DEBUG]  Adding res/drawable-xxhdpi-v4/abc_switch_track_mtrl_alpha.9.png
[DEBUG]  Adding res/drawable-xxhdpi-v4/abc_tab_indicator_mtrl_alpha.9.png
[DEBUG]  Adding res/drawable-xxhdpi-v4/abc_textfield_activated_mtrl_alpha.9.png
[DEBUG]  Adding res/drawable-xxhdpi-v4/abc_textfield_default_mtrl_alpha.9.png
[DEBUG]  Adding res/drawable-xxhdpi-v4/abc_textfield_search_activated_mtrl_alpha.9.png
[DEBUG]  Adding res/drawable-xxhdpi-v4/abc_textfield_search_default_mtrl_alpha.9.png
[DEBUG]  Adding res/drawable-xxhdpi-v4/appicon.png
[DEBUG]  Adding res/drawable-xxxhdpi-v4/abc_btn_check_to_on_mtrl_000.png
[DEBUG]  Adding res/drawable-xxxhdpi-v4/abc_btn_check_to_on_mtrl_015.png
[DEBUG]  Adding res/drawable-xxxhdpi-v4/abc_btn_radio_to_on_mtrl_000.png
[DEBUG]  Adding res/drawable-xxxhdpi-v4/abc_btn_radio_to_on_mtrl_015.png
[DEBUG]  Adding res/drawable-xxxhdpi-v4/abc_btn_switch_to_on_mtrl_00001.9.png
[DEBUG]  Adding res/drawable-xxxhdpi-v4/abc_btn_switch_to_on_mtrl_00012.9.png
[DEBUG]  Adding res/drawable-xxxhdpi-v4/abc_ic_ab_back_mtrl_am_alpha.png
[DEBUG]  Adding res/drawable-xxxhdpi-v4/abc_ic_clear_mtrl_alpha.png
[DEBUG]  Adding res/drawable-xxxhdpi-v4/abc_ic_menu_copy_mtrl_am_alpha.png
[DEBUG]  Adding res/drawable-xxxhdpi-v4/abc_ic_menu_cut_mtrl_alpha.png
[DEBUG]  Adding res/drawable-xxxhdpi-v4/abc_ic_menu_moreoverflow_mtrl_alpha.png
[DEBUG]  Adding res/drawable-xxxhdpi-v4/abc_ic_menu_paste_mtrl_am_alpha.png
[DEBUG]  Adding res/drawable-xxxhdpi-v4/abc_ic_menu_selectall_mtrl_alpha.png
[DEBUG]  Adding res/drawable-xxxhdpi-v4/abc_ic_search_api_mtrl_alpha.png
[DEBUG]  Adding res/drawable-xxxhdpi-v4/abc_ic_voice_search_api_mtrl_alpha.png
[DEBUG]  Adding res/drawable-xxxhdpi-v4/abc_spinner_mtrl_am_alpha.9.png
[DEBUG]  Adding res/drawable-xxxhdpi-v4/abc_switch_track_mtrl_alpha.9.png
[DEBUG]  Adding res/drawable-xxxhdpi-v4/abc_tab_indicator_mtrl_alpha.9.png
[DEBUG]  Adding res/drawable-xxxhdpi-v4/appicon.png
[DEBUG]  Deflating res/drawable/abc_btn_check_material.xml
[DEBUG]  Deflating res/drawable/abc_btn_radio_material.xml
[DEBUG]  Deflating res/drawable/abc_cab_background_internal_bg.xml
[DEBUG]  Deflating res/drawable/abc_cab_background_top_material.xml
[DEBUG]  Deflating res/drawable/abc_edit_text_material.xml
[DEBUG]  Deflating res/drawable/abc_item_background_holo_dark.xml
[DEBUG]  Deflating res/drawable/abc_item_background_holo_light.xml
[DEBUG]  Deflating res/drawable/abc_list_selector_background_transition_holo_dark.xml
[DEBUG]  Deflating res/drawable/abc_list_selector_background_transition_holo_light.xml
[DEBUG]  Deflating res/drawable/abc_list_selector_holo_dark.xml
[DEBUG]  Deflating res/drawable/abc_list_selector_holo_light.xml
[DEBUG]  Deflating res/drawable/abc_switch_thumb_material.xml
[DEBUG]  Deflating res/drawable/abc_tab_indicator_material.xml
[DEBUG]  Deflating res/drawable/abc_textfield_search_material.xml
[DEBUG]  Adding res/drawable/appicon.png
[DEBUG]  Adding res/drawable/background.png
[DEBUG]  Adding res/drawable/btn_check_buttonless_on_64.png
[DEBUG]  Adding res/drawable/btn_more_64.png
[DEBUG]  Adding res/drawable/disclosure_64.png
[DEBUG]  Deflating res/layout-v11/abc_screen_content_include.xml
[DEBUG]  Deflating res/layout-v21/abc_screen_toolbar.xml
[DEBUG]  Deflating res/layout/abc_action_bar_title_item.xml
[DEBUG]  Deflating res/layout/abc_action_bar_up_container.xml
[DEBUG]  Deflating res/layout/abc_action_bar_view_list_nav_layout.xml
[DEBUG]  Deflating res/layout/abc_action_menu_item_layout.xml
[DEBUG]  Deflating res/layout/abc_action_menu_layout.xml
[DEBUG]  Deflating res/layout/abc_action_mode_bar.xml
[DEBUG]  Deflating res/layout/abc_action_mode_close_item_material.xml
[DEBUG]  Deflating res/layout/abc_activity_chooser_view.xml
[DEBUG]  Deflating res/layout/abc_activity_chooser_view_include.xml
[DEBUG]  Deflating res/layout/abc_activity_chooser_view_list_item.xml
[DEBUG]  Deflating res/layout/abc_expanded_menu_layout.xml
[DEBUG]  Deflating res/layout/abc_list_menu_item_checkbox.xml
[DEBUG]  Deflating res/layout/abc_list_menu_item_icon.xml
[DEBUG]  Deflating res/layout/abc_list_menu_item_layout.xml
[DEBUG]  Deflating res/layout/abc_list_menu_item_radio.xml
[DEBUG]  Deflating res/layout/abc_popup_menu_item_layout.xml
[DEBUG]  Deflating res/layout/abc_screen_content_include.xml
[DEBUG]  Deflating res/layout/abc_screen_simple.xml
[DEBUG]  Deflating res/layout/abc_screen_simple_overlay_action_mode.xml
[DEBUG]  Deflating res/layout/abc_screen_toolbar.xml
[DEBUG]  Deflating res/layout/abc_search_dropdown_item_icons_2line.xml
[DEBUG]  Deflating res/layout/abc_search_view.xml
[DEBUG]  Deflating res/layout/abc_simple_dropdown_hint.xml
[DEBUG]  Deflating res/layout/support_simple_spinner_dropdown_item.xml
[DEBUG]  Deflating res/layout/titanium_tabgroup.xml
[DEBUG]  Deflating res/layout/titanium_ui_checkbox.xml
[DEBUG]  Deflating res/layout/titanium_ui_edittext.xml
[DEBUG]  Deflating res/layout/titanium_ui_list_header_or_footer.xml
[DEBUG]  Deflating res/layout/titanium_ui_list_item.xml
[DEBUG]  Deflating res/layout/titanium_ui_spinner.xml
[DEBUG]  Deflating res/layout/titanium_ui_switchcompat.xml
[DEBUG]  Deflating resources.arsc
[DEBUG]  Processing C:\ProgramData\Titanium\mobilesdk\win32\4.0.0.GA\android\kroll-v8.jar
[DEBUG]  Processing C:\ProgramData\Titanium\mobilesdk\win32\4.0.0.GA\android\modules\titanium-analytics.jar
[DEBUG]  Processing C:\ProgramData\Titanium\mobilesdk\win32\4.0.0.GA\android\aps-analytics.jar
[DEBUG]  Processing C:\ProgramData\Titanium\mobilesdk\win32\4.0.0.GA\android\modules\titanium-android.jar
[DEBUG]  Processing C:\ProgramData\Titanium\mobilesdk\win32\4.0.0.GA\android\jaxen-1.1.1.jar
[DEBUG]  Processing C:\ProgramData\Titanium\mobilesdk\win32\4.0.0.GA\android\ti-commons-codec-1.3.jar
[DEBUG]  Processing C:\ProgramData\Titanium\mobilesdk\win32\4.0.0.GA\android\kroll-common.jar
[DEBUG]  Processing C:\ProgramData\Titanium\mobilesdk\win32\4.0.0.GA\android\titanium.jar
[DEBUG]  Deflating org/appcelerator/titanium/build.properties
[DEBUG]  Adding org/appcelerator/titanium/res/drawable/background.png
[DEBUG]  Adding org/appcelerator/titanium/res/drawable/btn_check_buttonless_on.png
[DEBUG]  Adding org/appcelerator/titanium/res/drawable/btn_check_buttonless_on_100.png
[DEBUG]  Adding org/appcelerator/titanium/res/drawable/btn_check_buttonless_on_18.png
[DEBUG]  Adding org/appcelerator/titanium/res/drawable/btn_check_buttonless_on_48.png
[DEBUG]  Adding org/appcelerator/titanium/res/drawable/btn_check_buttonless_on_64.png
[DEBUG]  Adding org/appcelerator/titanium/res/drawable/btn_more.png
[DEBUG]  Adding org/appcelerator/titanium/res/drawable/btn_more_100.png
[DEBUG]  Adding org/appcelerator/titanium/res/drawable/btn_more_18.png
[DEBUG]  Adding org/appcelerator/titanium/res/drawable/btn_more_48.png
[DEBUG]  Adding org/appcelerator/titanium/res/drawable/btn_more_64.png
[DEBUG]  Adding org/appcelerator/titanium/res/drawable/btn_picker_normal.9.png
[DEBUG]  Adding org/appcelerator/titanium/res/drawable/btn_picker_pressed.9.png
[DEBUG]  Adding org/appcelerator/titanium/res/drawable/btn_picker_selected.9.png
[DEBUG]  Adding org/appcelerator/titanium/res/drawable/default_icon.png
[DEBUG]  Adding org/appcelerator/titanium/res/drawable/photoDefault.png
[DEBUG]  Processing C:\ProgramData\Titanium\mobilesdk\win32\4.0.0.GA\android\modules\titanium-app.jar
[DEBUG]  Processing C:\ProgramData\Titanium\mobilesdk\win32\4.0.0.GA\android\modules\titanium-ui.jar
[DEBUG]  Deflating ti/modules/titanium/ui/widget/webview/binding.js
[DEBUG]  Deflating ti/modules/titanium/ui/widget/webview/binding.min.js
[DEBUG]  Deflating ti/modules/titanium/ui/widget/webview/json2.js
[DEBUG]  Deflating ti/modules/titanium/ui/widget/webview/polling.js
[DEBUG]  Deflating ti/modules/titanium/ui/widget/webview/polling.min.js
[DEBUG]  Processing C:\ProgramData\Titanium\mobilesdk\win32\4.0.0.GA\android\nineoldandroids-appc-2.4.0.jar
[DEBUG]  Processing C:\ProgramData\Titanium\mobilesdk\win32\4.0.0.GA\android\modules\titanium-filesystem.jar
[DEBUG]  Processing C:\ProgramData\Titanium\mobilesdk\win32\4.0.0.GA\android\modules\titanium-media.jar
[DEBUG]  Processing C:\ProgramData\Titanium\mobilesdk\win32\4.0.0.GA\android\modules\titanium-appcompat.jar
[DEBUG]  Processing C:\ProgramData\Titanium\mobilesdk\win32\4.0.0.GA\android\android-support-v4.jar
[DEBUG]  Processing C:\ProgramData\Titanium\mobilesdk\win32\4.0.0.GA\android\android-support-v7-appcompat.jar
[DEBUG]  Processing C:\ProgramData\Titanium\mobilesdk\win32\4.0.0.GA\android\modules\titanium-locale.jar
[DEBUG]  Processing C:\ProgramData\Titanium\mobilesdk\win32\4.0.0.GA\android\modules\titanium-network.jar
[DEBUG]  Processing C:\ProgramData\Titanium\mobilesdk\win32\4.0.0.GA\android\thirdparty.jar
[DEBUG]  Deflating org/apache/Commons-NOTICE.txt
[DEBUG]  Deflating org/apache/HttpComponents-NOTICE.txt
[DEBUG]  Deflating org/apache/mime4j-NOTICE.txt
[DEBUG]  Processing C:\ProgramData\Titanium\mobilesdk\win32\4.0.0.GA\android\modules\titanium-xml.jar
[DEBUG]  Processing C:\ProgramData\Titanium\mobilesdk\win32\4.0.0.GA\android\modules\titanium-platform.jar
[DEBUG]  Processing C:\ProgramData\Titanium\mobilesdk\win32\4.0.0.GA\android\modules\titanium-database.jar
[DEBUG]  Adding classes.dex
[INFO]   Processing C:\Users\wellerson.nascimento\Documents\Appcelerator_Studio_Workspace\ListMovie\build\android\src
[DEBUG]  Adding lib/armeabi/libkroll-v8.so
[DEBUG]  Adding lib/armeabi/libstlport_shared.so
[DEBUG]  Adding lib/armeabi/libtiverify.so
[DEBUG]  Adding lib/armeabi-v7a/libkroll-v8.so
[DEBUG]  Adding lib/armeabi-v7a/libstlport_shared.so
[DEBUG]  Adding lib/armeabi-v7a/libtiverify.so
[DEBUG]  Adding lib/x86/libkroll-v8.so
[DEBUG]  Adding lib/x86/libstlport_shared.so
[DEBUG]  Adding lib/x86/libtiverify.so
[INFO]   Writing unsigned apk: C:\Users\wellerson.nascimento\Documents\Appcelerator_Studio_Workspace\ListMovie\build\android\bin\app-unsigned.apk
[INFO]   Using MD5withRSA signature algorithm
[INFO]   Signing apk: C:\Program Files (x86)\Java\jdk1.7.0_67\bin\jarsigner.exe "-sigalg" "MD5withRSA" "-digestalg" "SHA1" "-keystore" "C:\ProgramData\Titanium\mobilesdk\win32\4.0.0.GA\android\dev_keystore" "-storepass" "*******" "-signedjar" "C:\Users\wellerson.nascimento\Documents\Appcelerator_Studio_Workspace\ListMovie\build\android\bin\ListMovie.apk" "C:\Users\wellerson.nascimento\Documents\Appcelerator_Studio_Workspace\ListMovie\build\android\bin\app-unsigned.apk" "tidev"
[INFO]   Aligning zip file: C:\Users\wellerson.nascimento\AppData\Local\Android\sdk1\build-tools\21.1.2\zipalign.exe "-v" "4" "C:\Users\wellerson.nascimento\Documents\Appcelerator_Studio_Workspace\ListMovie\build\android\bin\ListMovie.apk" "C:\Users\wellerson.nascimento\Documents\Appcelerator_Studio_Workspace\ListMovie\build\android\bin\ListMovie.apkz"
[INFO]   Writing build manifest: C:\Users\wellerson.nascimento\Documents\Appcelerator_Studio_Workspace\ListMovie\build\android\build-manifest.json
[INFO]   Making sure the adb server is running
[INFO]   Installing apk: C:\Users\wellerson.nascimento\Documents\Appcelerator_Studio_Workspace\ListMovie\build\android\bin\ListMovie.apk
[INFO]   Installing app on device: Genymobile
[TRACE]  Checking if package manager service is started
[TRACE]  Package manager has started
[TRACE]  Executing: C:\Users\wellerson.nascimento\AppData\Local\Android\sdk1\platform-tools\adb.exe -s 192.168.56.101:5555 install -r C:\Users\wellerson.nascimento\Documents\Appcelerator_Studio_Workspace\ListMovie\build\android\bin\ListMovie.apk
[INFO]   App successfully installed
[INFO]   Starting app: com.wdanascimento.listmovie/.ListmovieActivity
[DEBUG]  Trying to start the app...
[INFO]   Application pid: 1640
[INFO]   Project built successfully in 42s 813ms
